mode: set
xcasluw/backend-golang/cmd/api/handlers.go:19.71,29.16 5 0
xcasluw/backend-golang/cmd/api/handlers.go:38.2,42.16 3 0
xcasluw/backend-golang/cmd/api/handlers.go:48.2,49.34 2 0
xcasluw/backend-golang/cmd/api/handlers.go:55.2,55.22 1 0
xcasluw/backend-golang/cmd/api/handlers.go:61.2,62.16 2 0
xcasluw/backend-golang/cmd/api/handlers.go:68.2,69.16 2 0
xcasluw/backend-golang/cmd/api/handlers.go:75.2,82.16 3 0
xcasluw/backend-golang/cmd/api/handlers.go:29.16,35.3 5 0
xcasluw/backend-golang/cmd/api/handlers.go:42.16,45.3 2 0
xcasluw/backend-golang/cmd/api/handlers.go:49.34,52.3 2 0
xcasluw/backend-golang/cmd/api/handlers.go:55.22,58.3 2 0
xcasluw/backend-golang/cmd/api/handlers.go:62.16,65.3 2 0
xcasluw/backend-golang/cmd/api/handlers.go:69.16,72.3 2 0
xcasluw/backend-golang/cmd/api/handlers.go:82.16,84.3 1 0
xcasluw/backend-golang/cmd/api/handlers.go:87.72,93.16 3 0
xcasluw/backend-golang/cmd/api/handlers.go:98.2,99.16 2 0
xcasluw/backend-golang/cmd/api/handlers.go:104.2,109.46 2 0
xcasluw/backend-golang/cmd/api/handlers.go:93.16,96.3 2 0
xcasluw/backend-golang/cmd/api/handlers.go:99.16,102.3 2 0
xcasluw/backend-golang/cmd/api/handlers.go:112.74,115.16 3 1
xcasluw/backend-golang/cmd/api/handlers.go:120.2,126.42 2 1
xcasluw/backend-golang/cmd/api/handlers.go:115.16,118.3 2 0
xcasluw/backend-golang/cmd/api/handlers.go:129.74,132.16 3 0
xcasluw/backend-golang/cmd/api/handlers.go:137.2,137.18 1 0
xcasluw/backend-golang/cmd/api/handlers.go:171.2,176.52 2 0
xcasluw/backend-golang/cmd/api/handlers.go:132.16,135.3 2 0
xcasluw/backend-golang/cmd/api/handlers.go:137.18,139.57 1 0
xcasluw/backend-golang/cmd/api/handlers.go:139.57,142.4 2 0
xcasluw/backend-golang/cmd/api/handlers.go:143.8,146.17 2 0
xcasluw/backend-golang/cmd/api/handlers.go:151.3,156.36 5 0
xcasluw/backend-golang/cmd/api/handlers.go:162.3,162.26 1 0
xcasluw/backend-golang/cmd/api/handlers.go:146.17,149.4 2 0
xcasluw/backend-golang/cmd/api/handlers.go:156.36,159.4 2 0
xcasluw/backend-golang/cmd/api/handlers.go:162.26,164.18 2 0
xcasluw/backend-golang/cmd/api/handlers.go:164.18,167.5 2 0
xcasluw/backend-golang/cmd/api/handlers.go:179.73,181.16 2 0
xcasluw/backend-golang/cmd/api/handlers.go:186.2,187.16 2 0
xcasluw/backend-golang/cmd/api/handlers.go:192.2,192.43 1 0
xcasluw/backend-golang/cmd/api/handlers.go:181.16,184.3 2 0
xcasluw/backend-golang/cmd/api/handlers.go:187.16,190.3 2 0
xcasluw/backend-golang/cmd/api/handlers.go:195.76,201.16 3 0
xcasluw/backend-golang/cmd/api/handlers.go:206.2,207.16 2 0
xcasluw/backend-golang/cmd/api/handlers.go:212.2,217.46 2 0
xcasluw/backend-golang/cmd/api/handlers.go:201.16,204.3 2 0
xcasluw/backend-golang/cmd/api/handlers.go:207.16,210.3 2 0
xcasluw/backend-golang/cmd/api/handlers.go:220.90,222.16 2 0
xcasluw/backend-golang/cmd/api/handlers.go:227.2,228.16 2 0
xcasluw/backend-golang/cmd/api/handlers.go:233.2,235.16 3 0
xcasluw/backend-golang/cmd/api/handlers.go:241.2,242.16 2 0
xcasluw/backend-golang/cmd/api/handlers.go:247.2,252.52 2 0
xcasluw/backend-golang/cmd/api/handlers.go:222.16,225.3 2 0
xcasluw/backend-golang/cmd/api/handlers.go:228.16,231.3 2 0
xcasluw/backend-golang/cmd/api/handlers.go:235.16,238.3 2 0
xcasluw/backend-golang/cmd/api/handlers.go:242.16,245.3 2 0
xcasluw/backend-golang/cmd/api/handlers.go:255.79,261.16 3 0
xcasluw/backend-golang/cmd/api/handlers.go:266.2,274.46 4 0
xcasluw/backend-golang/cmd/api/handlers.go:261.16,264.3 2 0
xcasluw/backend-golang/cmd/api/handlers.go:277.74,279.16 2 0
xcasluw/backend-golang/cmd/api/handlers.go:284.2,290.46 2 0
xcasluw/backend-golang/cmd/api/handlers.go:279.16,282.3 2 0
xcasluw/backend-golang/cmd/api/handlers.go:293.73,297.16 3 0
xcasluw/backend-golang/cmd/api/handlers.go:302.2,307.46 2 0
xcasluw/backend-golang/cmd/api/handlers.go:297.16,300.3 2 0
xcasluw/backend-golang/cmd/api/handlers.go:310.76,312.16 2 0
xcasluw/backend-golang/cmd/api/handlers.go:317.2,324.24 3 0
xcasluw/backend-golang/cmd/api/handlers.go:333.2,338.46 2 0
xcasluw/backend-golang/cmd/api/handlers.go:312.16,315.3 2 0
xcasluw/backend-golang/cmd/api/handlers.go:324.24,331.3 2 0
xcasluw/backend-golang/cmd/api/handlers.go:341.74,353.16 3 0
xcasluw/backend-golang/cmd/api/handlers.go:358.2,368.41 2 0
xcasluw/backend-golang/cmd/api/handlers.go:383.2,383.18 1 0
xcasluw/backend-golang/cmd/api/handlers.go:399.2,404.52 2 0
xcasluw/backend-golang/cmd/api/handlers.go:353.16,356.3 2 0
xcasluw/backend-golang/cmd/api/handlers.go:368.41,371.17 2 0
xcasluw/backend-golang/cmd/api/handlers.go:377.3,377.109 1 0
xcasluw/backend-golang/cmd/api/handlers.go:371.17,374.4 2 0
xcasluw/backend-golang/cmd/api/handlers.go:377.109,380.4 2 0
xcasluw/backend-golang/cmd/api/handlers.go:383.18,386.17 2 0
xcasluw/backend-golang/cmd/api/handlers.go:386.17,389.4 2 0
xcasluw/backend-golang/cmd/api/handlers.go:390.8,393.17 2 0
xcasluw/backend-golang/cmd/api/handlers.go:393.17,396.4 2 0
xcasluw/backend-golang/cmd/api/handlers.go:407.74,409.16 2 0
xcasluw/backend-golang/cmd/api/handlers.go:414.2,415.16 2 0
xcasluw/backend-golang/cmd/api/handlers.go:420.2,425.46 2 0
xcasluw/backend-golang/cmd/api/handlers.go:409.16,412.3 2 0
xcasluw/backend-golang/cmd/api/handlers.go:415.16,418.3 2 0
xcasluw/backend-golang/cmd/api/handlers.go:428.76,434.16 3 0
xcasluw/backend-golang/cmd/api/handlers.go:439.2,440.16 2 0
xcasluw/backend-golang/cmd/api/handlers.go:445.2,450.42 2 0
xcasluw/backend-golang/cmd/api/handlers.go:434.16,437.3 2 0
xcasluw/backend-golang/cmd/api/handlers.go:440.16,443.3 2 0
xcasluw/backend-golang/cmd/api/helpers.go:19.90,26.16 5 1
xcasluw/backend-golang/cmd/api/helpers.go:29.2,30.19 2 1
xcasluw/backend-golang/cmd/api/helpers.go:34.2,34.12 1 1
xcasluw/backend-golang/cmd/api/helpers.go:26.16,28.3 1 0
xcasluw/backend-golang/cmd/api/helpers.go:30.19,32.3 1 0
xcasluw/backend-golang/cmd/api/helpers.go:37.110,40.38 2 1
xcasluw/backend-golang/cmd/api/helpers.go:54.2,54.22 1 1
xcasluw/backend-golang/cmd/api/helpers.go:60.2,63.16 4 1
xcasluw/backend-golang/cmd/api/helpers.go:67.2,67.12 1 1
xcasluw/backend-golang/cmd/api/helpers.go:40.38,42.17 2 1
xcasluw/backend-golang/cmd/api/helpers.go:45.3,45.15 1 1
xcasluw/backend-golang/cmd/api/helpers.go:42.17,44.4 1 0
xcasluw/backend-golang/cmd/api/helpers.go:46.8,48.17 2 1
xcasluw/backend-golang/cmd/api/helpers.go:51.3,51.15 1 1
xcasluw/backend-golang/cmd/api/helpers.go:48.17,50.4 1 0
xcasluw/backend-golang/cmd/api/helpers.go:54.22,55.38 1 1
xcasluw/backend-golang/cmd/api/helpers.go:55.38,57.4 1 1
xcasluw/backend-golang/cmd/api/helpers.go:63.16,65.3 1 0
xcasluw/backend-golang/cmd/api/helpers.go:70.90,72.21 2 1
xcasluw/backend-golang/cmd/api/helpers.go:76.2,78.9 2 1
xcasluw/backend-golang/cmd/api/helpers.go:92.2,98.12 5 1
xcasluw/backend-golang/cmd/api/helpers.go:72.21,74.3 1 1
xcasluw/backend-golang/cmd/api/helpers.go:79.55,81.36 2 1
xcasluw/backend-golang/cmd/api/helpers.go:82.55,84.36 2 1
xcasluw/backend-golang/cmd/api/helpers.go:85.55,87.36 2 1
xcasluw/backend-golang/cmd/api/helpers.go:88.10,89.18 1 1
xcasluw/backend-golang/cmd/api/main.go:24.13,35.16 8 0
xcasluw/backend-golang/cmd/api/main.go:38.2,49.16 4 0
xcasluw/backend-golang/cmd/api/main.go:35.16,37.3 1 0
xcasluw/backend-golang/cmd/api/main.go:49.16,51.3 1 0
xcasluw/backend-golang/cmd/api/main.go:54.39,63.2 3 0
xcasluw/backend-golang/cmd/api/middleware.go:5.77,6.71 1 1
xcasluw/backend-golang/cmd/api/middleware.go:6.71,8.17 2 0
xcasluw/backend-golang/cmd/api/middleware.go:17.3,17.23 1 0
xcasluw/backend-golang/cmd/api/middleware.go:8.17,16.4 3 0
xcasluw/backend-golang/cmd/api/routes.go:12.47,33.43 10 1
xcasluw/backend-golang/cmd/api/routes.go:50.2,53.69 3 1
xcasluw/backend-golang/cmd/api/routes.go:75.2,75.12 1 1
xcasluw/backend-golang/cmd/api/routes.go:33.43,47.3 10 1
xcasluw/backend-golang/cmd/api/routes.go:53.69,64.17 4 0
xcasluw/backend-golang/cmd/api/routes.go:70.3,72.43 3 0
xcasluw/backend-golang/cmd/api/routes.go:64.17,68.4 3 0
